[INFO ] 2024-08-05 17:33:24.986 [main] Version - HHH000412: Hibernate ORM core version 5.6.0.Final
[WARN ] 2024-08-05 17:33:25.160 [main] deprecation - HHH90000012: Recognized obsolete hibernate namespace http://hibernate.sourceforge.net/hibernate-configuration. Use namespace http://www.hibernate.org/dtd/hibernate-configuration instead.  Support for obsolete DTD/XSD namespaces may be removed at any time.
[INFO ] 2024-08-05 17:33:25.383 [main] Version - HCANN000001: Hibernate Commons Annotations {5.1.2.Final}
[WARN ] 2024-08-05 17:33:25.516 [main] pooling - HHH10001002: Using Hibernate built-in connection pool (not for production use!)
[INFO ] 2024-08-05 17:33:25.520 [main] pooling - HHH10001005: using driver [com.mysql.jdbc.Driver] at URL [jdbc:mysql://localhost:3306/oemployeemanagementsystemn]
[INFO ] 2024-08-05 17:33:25.522 [main] pooling - HHH10001001: Connection properties: {password=****, user=root}
[INFO ] 2024-08-05 17:33:25.526 [main] pooling - HHH10001003: Autocommit mode: false
[INFO ] 2024-08-05 17:33:25.528 [main] DriverManagerConnectionProviderImpl - HHH000115: Hibernate connection pool size: 20 (min=1)
[INFO ] 2024-08-05 17:33:25.760 [main] Dialect - HHH000400: Using dialect: org.hibernate.dialect.MySQL8Dialect
[INFO ] 2024-08-05 17:33:25.950 [main] TableGenerator - HHH000398: Explicit segment value for id generator [hibernate_sequences.sequence_name] suggested; using default [default]
[INFO ] 2024-08-05 17:33:25.951 [main] TableGenerator - HHH000398: Explicit segment value for id generator [hibernate_sequences.sequence_name] suggested; using default [default]
[INFO ] 2024-08-05 17:33:26.537 [main] access - HHH10001501: Connection obtained from JdbcConnectionAccess [org.hibernate.engine.jdbc.env.internal.JdbcEnvironmentInitiator$ConnectionProviderJdbcConnectionAccess@76bf1bb8] for (non-JTA) DDL execution was not in auto-commit mode; the Connection 'local transaction' will be committed and the Connection will be set into auto-commit mode.
[INFO ] 2024-08-05 17:33:26.707 [main] JtaPlatformInitiator - HHH000490: Using JtaPlatform implementation: [org.hibernate.engine.transaction.jta.platform.internal.NoJtaPlatform]
[INFO ] 2024-08-05 17:33:29.547 [main] EmployeeController - ----All of the employers have been displayed.----
[INFO ] 2024-08-05 18:01:15.963 [main] Version - HHH000412: Hibernate ORM core version 5.6.0.Final
[WARN ] 2024-08-05 18:01:16.136 [main] deprecation - HHH90000012: Recognized obsolete hibernate namespace http://hibernate.sourceforge.net/hibernate-configuration. Use namespace http://www.hibernate.org/dtd/hibernate-configuration instead.  Support for obsolete DTD/XSD namespaces may be removed at any time.
[INFO ] 2024-08-05 18:01:16.358 [main] Version - HCANN000001: Hibernate Commons Annotations {5.1.2.Final}
[WARN ] 2024-08-05 18:01:16.491 [main] pooling - HHH10001002: Using Hibernate built-in connection pool (not for production use!)
[INFO ] 2024-08-05 18:01:16.499 [main] pooling - HHH10001005: using driver [com.mysql.jdbc.Driver] at URL [jdbc:mysql://localhost:3306/oemployeemanagementsystemn]
[INFO ] 2024-08-05 18:01:16.500 [main] pooling - HHH10001001: Connection properties: {password=****, user=root}
[INFO ] 2024-08-05 18:01:16.504 [main] pooling - HHH10001003: Autocommit mode: false
[INFO ] 2024-08-05 18:01:16.507 [main] DriverManagerConnectionProviderImpl - HHH000115: Hibernate connection pool size: 20 (min=1)
[INFO ] 2024-08-05 18:01:16.714 [main] Dialect - HHH000400: Using dialect: org.hibernate.dialect.MySQL8Dialect
[INFO ] 2024-08-05 18:01:16.878 [main] TableGenerator - HHH000398: Explicit segment value for id generator [hibernate_sequences.sequence_name] suggested; using default [default]
[INFO ] 2024-08-05 18:01:16.885 [main] TableGenerator - HHH000398: Explicit segment value for id generator [hibernate_sequences.sequence_name] suggested; using default [default]
[INFO ] 2024-08-05 18:01:17.450 [main] access - HHH10001501: Connection obtained from JdbcConnectionAccess [org.hibernate.engine.jdbc.env.internal.JdbcEnvironmentInitiator$ConnectionProviderJdbcConnectionAccess@76bf1bb8] for (non-JTA) DDL execution was not in auto-commit mode; the Connection 'local transaction' will be committed and the Connection will be set into auto-commit mode.
[INFO ] 2024-08-05 18:01:17.621 [main] JtaPlatformInitiator - HHH000490: Using JtaPlatform implementation: [org.hibernate.engine.transaction.jta.platform.internal.NoJtaPlatform]
[INFO ] 2024-08-05 18:01:32.299 [main] ProjectController - No employees found 1
